============================================================
Time  2019/06/28 19:11:11 241 
============================================================
[2019/06/28 19:11:11 242] isr_1conn  2226 SYS_MSG_LOAD_CLOUD  
[2019/06/28 19:11:11 242] isr_1conn  2247 SYS_MSG_REGCB_CLOUD param0 =   msp_status_cb  param1 =  func(3c06c870) 
[2019/06/28 19:11:11 242] isr_1conn  2247 SYS_MSG_REGCB_CLOUD param0 =   cloud_rslt_cb  param1 =  func(3c06ddd0) 
[2019/06/28 19:11:11 242] isr_1conn  2247 SYS_MSG_REGCB_CLOUD param0 =   cloud_err_cb  param1 =  func(3c06df20) 
[2019/06/28 19:11:11 242] isr_1conn  2247 SYS_MSG_REGCB_CLOUD param0 =   cloud_status_cb  param1 =  func(3c06e000) 
[2019/06/28 19:11:11 243] isr_1conn  1411 onesoc  
[2019/06/28 19:11:11 243] isr_1conn  1412 ASR_CLOUD_MSG_SSB  
[2019/06/28 19:11:11 243] isr_1conn  1427 isr_1conn  cloud_cisr1PdHHBHj1+46EQ-Zaa0StWJ0CsP07e  268436457  1552363872  
[2019/06/28 19:11:11 243] isr_1conn  1497 req_lgi_id =  nil  
[2019/06/28 19:11:11 243] isr_1conn  1498 not login!  
[2019/06/28 19:11:11 244] isr_1conn  1631 nil  
[2019/06/28 19:11:11 244] isr_1conn  1697 speex-wb  
[2019/06/28 19:11:11 244] isr_1conn  1785 net_once_bytes  nil  
[2019/06/28 19:11:11 244] isr_1conn  1790 need_encode  true  
[2019/06/28 19:11:11 244] isr_1conn  1792 once bytes  122  
[2019/06/28 19:11:11 244] isr_1conn  1816 User set url is   nil  
[2019/06/28 19:11:11 244] config     91   select default  
[2019/06/28 19:11:11 244] config     113  use general cloud  
[2019/06/28 19:11:11 244] transport  645  paramkvsport is   nil  
[2019/06/28 19:11:11 244] transport  657  ns_enable=  1  
[2019/06/28 19:11:11 244] transport  659  2017-08--24 is_ns_need_close =   nil  
[2019/06/28 19:11:11 244] transport  665  net.nettype=  unknown  
[2019/06/28 19:11:11 244] transport  675  url.full=  nil  
[2019/06/28 19:11:11 244] transport  680  server_url_host=, server_url_port=, server_url_path=  open.xf-yun.com  nil  /msp.do  
[2019/06/28 19:11:11 244] transport  907  net type:  unknown  
[2019/06/28 19:11:11 244] transport  908  net operator:  def  
[2019/06/28 19:11:11 245] transport  909  use proxy:  false  
[2019/06/28 19:11:11 245] transport  1105 session.domain=  open.xf-yun.com  
[2019/06/28 19:11:11 245] transport  1106 url.host=  open.xf-yun.com  
[2019/06/28 19:11:11 245] transport  1083 NAMESERVER START  
[2019/06/28 19:11:11 245] transport  1086 name =   iat  
[2019/06/28 19:11:11 245] ns         634  ntt=  unknown  
[2019/06/28 19:11:11 245] transport  1089 trans,ns_inprog =  0  
[2019/06/28 19:11:11 245] ns         582  name server start  
[2019/06/28 19:11:11 245] ns         588  ns_sub =   iat  
[2019/06/28 19:11:11 245] ns         596  ns_host =   open.xf-yun.com  
[2019/06/28 19:11:11 245] ns         475  ns_host=  open.xf-yun.com  
[2019/06/28 19:11:11 245] ns         555  net_type =  standard  
[2019/06/28 19:11:11 246] ns         556  cmwapascmnet =  
[2019/06/28 19:11:11 246] ns         557  uniwapasuninet =  
[2019/06/28 19:11:11 246] ns         558  ctwapasctnet =  
[2019/06/28 19:11:11 246] ns         576  host=  hdns.xf-yun.com  
[2019/06/28 19:11:11 246] network    263  gethostbyname  hdns.xf-yun.com  ns1  
[2019/06/28 19:11:11 246] isr_1conn  2052 ASR_CLOUD_MSG_SSE  
[2019/06/28 19:11:11 248] isr_1conn  1276 isr_1conn session info  
[2019/06/28 19:11:11 252] isr_1conn  2195 session finished! ret =   10131  
