============================================================
Time  2019/06/28 19:08:48 539 
============================================================
[2019/06/28 19:08:48 543] legacyuup  324  SYS_MSG_LOAD  
[2019/06/28 19:08:48 545] legacyuup  237  UUP_MSG_START  
[2019/06/28 19:08:48 545] legacyuup  239  legacyuup  legacyuup_40c7f1  268436457  1552363948  
[2019/06/28 19:08:48 546] legacyuup  282  User set url is   nil  
[2019/06/28 19:08:48 547] config     91   select default  
[2019/06/28 19:08:48 547] config     113  use general cloud  
[2019/06/28 19:08:48 547] transport  645  paramkvsport is   nil  
[2019/06/28 19:08:48 547] transport  657  ns_enable=  1  
[2019/06/28 19:08:48 547] transport  659  2017-08--24 is_ns_need_close =   nil  
[2019/06/28 19:08:48 547] transport  665  net.nettype=  unknown  
[2019/06/28 19:08:48 547] transport  675  url.full=  nil  
[2019/06/28 19:08:48 547] transport  680  server_url_host=, server_url_port=, server_url_path=  open.xf-yun.com  nil  /msp.do  
[2019/06/28 19:08:48 547] transport  907  net type:  unknown  
[2019/06/28 19:08:48 547] transport  908  net operator:  def  
[2019/06/28 19:08:48 547] transport  909  use proxy:  false  
[2019/06/28 19:08:48 547] legacyuup  299  not login!  
[2019/06/28 19:08:48 692] legacyuup  313  UUP_MSG_LGI_RESULT  
[2019/06/28 19:08:48 692] legacyuup  193  [session] send uup request  
[2019/06/28 19:08:48 692] transport  1105 session.domain=  open.xf-yun.com  
[2019/06/28 19:08:48 692] transport  1106 url.host=  open.xf-yun.com  
[2019/06/28 19:08:48 692] transport  1083 NAMESERVER START  
[2019/06/28 19:08:48 692] transport  1086 name =   asr  
[2019/06/28 19:08:48 692] ns         634  ntt=  unknown  
[2019/06/28 19:08:48 692] transport  1089 trans,ns_inprog =  0  
[2019/06/28 19:08:48 692] ns         582  name server start  
[2019/06/28 19:08:48 692] ns         588  ns_sub =   asr  
[2019/06/28 19:08:48 692] ns         596  ns_host =   open.xf-yun.com  
[2019/06/28 19:08:48 692] ns         475  ns_host=  open.xf-yun.com  
[2019/06/28 19:08:48 693] ns         555  net_type =  standard  
[2019/06/28 19:08:48 693] ns         556  cmwapascmnet =  
[2019/06/28 19:08:48 693] ns         557  uniwapasuninet =  
[2019/06/28 19:08:48 693] ns         558  ctwapasctnet =  
[2019/06/28 19:08:48 693] ns         576  host=  hdns.xf-yun.com  
[2019/06/28 19:08:48 693] network    263  gethostbyname  hdns.xf-yun.com  ns1  
[2019/06/28 19:08:48 693] legacyuup  150  lver:  nil  
[2019/06/28 19:08:48 693] legacyuup  155  cfg_ver:  nil  
[2019/06/28 19:08:48 693] transport  1860 transport_obj.send | in  
[2019/06/28 19:08:48 693] transport  1866 self.msg_flag_q  table(4402f8b0) 
[2019/06/28 19:08:48 694] transport  1867 self.msg_q  table(44062d50) 
[2019/06/28 19:08:48 694] transport  1799 transport_obj.try2send | in  
[2019/06/28 19:08:48 694] transport  1800 self.soc  nil  
[2019/06/28 19:08:48 694] transport  1801 self.connected  false  
[2019/06/28 19:08:48 694] transport  1802 self.latesterr  0  
[2019/06/28 19:08:48 694] transport  1873 transport_obj.send | out  
[2019/06/28 19:08:48 697] network    245  dns resp  0  ns1  
[2019/06/28 19:08:48 698] ns         422  ns dns ok  42.62.116.18  
[2019/06/28 19:08:48 698] ns         209  ip front is  42.62.116  
[2019/06/28 19:08:48 698] ns         429  is_voicecloud_ip=  1  
[2019/06/28 19:08:48 698] ns         436  ip_is_expected=  true  
[2019/06/28 19:08:48 698] ns         444  ip_is_expected=  true  
[2019/06/28 19:08:48 698] network    445  gethttpresp2  42.62.116.18  80  ns2  
[2019/06/28 19:08:48 698] network    465  prot_type  tcp  
[2019/06/28 19:08:48 701] transport  194  [dns] [1] response 59.107.24.5  
[2019/06/28 19:08:48 701] transport  202  59  107  24  5  
[2019/06/28 19:08:48 701] transport  204  ipv =  v4  
[2019/06/28 19:08:48 701] transport  208  dns ip is v4  
[2019/06/28 19:08:48 701] transport  137  ip front is  59.107.24  
[2019/06/28 19:08:48 701] transport  261  expected ip  
[2019/06/28 19:08:48 701] network    95   iptoenv ,  ipcache  open.xf-yun.com  def  59.107.24.5  
[2019/06/28 19:08:48 705] transport  291  dns cb start conn  
[2019/06/28 19:08:48 705] transport  1304 [soc] connect   59.107.24.5  1028  
[2019/06/28 19:08:48 705] transport  1316 mspsoc.open,prot_type=  tcp  
[2019/06/28 19:08:48 738] transport  473  [soc] [1] connected  
[2019/06/28 19:08:48 738] transport  1799 transport_obj.try2send | in  
[2019/06/28 19:08:48 738] transport  1800 self.soc  udata(4406c7e8) 
[2019/06/28 19:08:48 738] transport  1801 self.connected  true  
[2019/06/28 19:08:48 738] transport  1802 self.latesterr  0  
[2019/06/28 19:08:48 738] transport  1819 transport:try2send,#msg_q=  1  
[2019/06/28 19:08:48 738] transport  1359 build http request.  
[2019/06/28 19:08:48 739] transport  1476 POST /msp.do HTTP/1.1
X-Sub: uup
X-Par: ver=MSSP+0%2E9&sub=uup&cmd=uup&cver=5%2E0%2E42%2E1226&key=0f5GGEexBoVj1ZO31/ogVegP//lf7hARx2UtEeRz0Tao0^HBywnTxKrbRAqvp9/2/Va7^SvRUj61jcAt2Hg^KHQxmhs5T9hkCh3ALdh4Pih0M=
Host: open.xf-yun.com
CT: multipart/mixed;boundary=--
CL: 840

----
Content-Length:216
Content-Type:binary/userdata+userword
Content-Encoding:gzip,encrypt/0.2

ê∫º°  
[2019/06/28 19:08:48 742] transport  1819 transport:try2send,#msg_q=  0  
[2019/06/28 19:08:48 742] transport  482  [soc] [1] send ok  1119  
[2019/06/28 19:08:48 742] transport  1799 transport_obj.try2send | in  
[2019/06/28 19:08:48 742] transport  1800 self.soc  udata(4406c7e8) 
[2019/06/28 19:08:48 742] transport  1801 self.connected  true  
[2019/06/28 19:08:48 742] transport  1802 self.latesterr  0  
[2019/06/28 19:08:48 742] transport  1819 transport:try2send,#msg_q=  0  
[2019/06/28 19:08:48 748] network    350  connected  ns2  
[2019/06/28 19:08:48 749] network    353  send ok  268  ns2  
[2019/06/28 19:08:48 770] transport  494  [soc] [1] readable  
[2019/06/28 19:08:48 770] transport  1767 HTTP/1.1 200 OK
Content-Length: 1
X-Req-Date: 2019/06/29 10:08:48 647
X-Par: ver=MSSP+0%2E9&ret=0&cver=5%2E0%2E42%2E1226&key=0fVFaujBbM5BWmfQsH^/q8wesgdyw6ev0PxC1MWSN1Ni8^HBywnTxKrbRAqvp9/2/Va7^SvRUj61jcAt2Hg^KHQxmhs5T9hkCh3ALdh4Pih0M=
CT: text/plain
CL: 1
Content-Length: 1
X-Res-Date: 2019/06/29 10:08:48 649

0  
[2019/06/28 19:08:48 770] transport  1494 a_complete_httpmessage  200  
[2019/06/28 19:08:48 771] transport  1604 is_update  true  
[2019/06/28 19:08:48 771] legacyuup  70   [trans] [id = uuplegacyuup_40c7f1] readable  
[2019/06/28 19:08:48 772] network    90   ipfromenv ,  ipcache  open.xf-yun.com  def  59.107.24.5  
[2019/06/28 19:08:48 773] transport  981  cached ip is confirmed  
[2019/06/28 19:08:48 773] transport  1332 [soc] disconnect   
[2019/06/28 19:08:48 773] transport  991  transport clean  
[2019/06/28 19:08:48 773] legacyuup  80   uup ok!  
